\BOOKMARK [0][-]{chapter*.2}{\376\377\000B\000e\000v\000e\000z\000e\000t\000\351\000s}{}% 1
\BOOKMARK [0][-]{chapter.1}{\376\377\0001\000.\000\040\000T\000\351\000m\000a\000t\000e\000r\000\374\000l\000e\000t\000\040\000\341\000t\000t\000e\000k\000i\000n\000t\000\351\000s\000e}{}% 2
\BOOKMARK [1][-]{section.1.1}{\376\377\0001\000.\0001\000.\000\040\000I\000n\000s\000p\000i\000r\000\341\000c\000i\000\363}{chapter.1}% 3
\BOOKMARK [1][-]{section.1.2}{\376\377\0001\000.\0002\000.\000\040\000N\000a\000v\000M\000e\000s\000h}{chapter.1}% 4
\BOOKMARK [1][-]{section.1.3}{\376\377\0001\000.\0003\000.\000\040\000R\000a\000y\000\040\000c\000a\000s\000t}{chapter.1}% 5
\BOOKMARK [0][-]{chapter.2}{\376\377\0002\000.\000\040\000F\000e\000l\000h\000a\000s\000z\000n\000\341\000l\000t\000\040\000t\000e\000c\000h\000n\000o\000l\000\363\000g\000i\000\341\000k}{}% 6
\BOOKMARK [1][-]{section.2.1}{\376\377\0002\000.\0001\000.\000\040\000U\000n\000i\000t\000y}{chapter.2}% 7
\BOOKMARK [2][-]{subsection.2.1.1}{\376\377\0002\000.\0001\000.\0001\000.\000\040\000A\000\040\000U\000n\000i\000t\000y\000-\000r\001\121\000l\000\040\000\341\000l\000t\000a\000l\000\341\000n\000o\000s\000a\000n}{section.2.1}% 8
\BOOKMARK [2][-]{subsection.2.1.2}{\376\377\0002\000.\0001\000.\0002\000.\000\040\000G\000a\000m\000e\000o\000b\000j\000e\000c\000t\000-\000e\000k}{section.2.1}% 9
\BOOKMARK [2][-]{subsection.2.1.3}{\376\377\0002\000.\0001\000.\0003\000.\000\040\000K\000o\000m\000p\000o\000n\000e\000n\000s\000e\000k}{section.2.1}% 10
\BOOKMARK [2][-]{subsection.2.1.4}{\376\377\0002\000.\0001\000.\0004\000.\000\040\000S\000z\000k\000r\000i\000p\000t\000e\000l\000\351\000s}{section.2.1}% 11
\BOOKMARK [1][-]{section.2.2}{\376\377\0002\000.\0002\000.\000\040\000B\000l\000e\000n\000d\000e\000r}{chapter.2}% 12
\BOOKMARK [0][-]{chapter.3}{\376\377\0003\000.\000\040\000A\000\040\000j\000\341\000t\000\351\000k\000\040\000b\000e\000m\000u\000t\000a\000t\000\341\000s\000a}{}% 13
\BOOKMARK [1][-]{section.3.1}{\376\377\0003\000.\0001\000.\000\040\000A\000\040\000j\000\341\000t\000\351\000k\000m\000e\000n\000e\000t}{chapter.3}% 14
\BOOKMARK [2][-]{subsection.3.1.1}{\376\377\0003\000.\0001\000.\0001\000.\000\040\000M\000e\000n\000\374}{section.3.1}% 15
\BOOKMARK [2][-]{subsection.3.1.2}{\376\377\0003\000.\0001\000.\0002\000.\000\040\000C\000s\000a\000t\000a}{section.3.1}% 16
\BOOKMARK [1][-]{section.3.2}{\376\377\0003\000.\0002\000.\000\040\000A\000\040\000m\000e\000g\000v\000a\000l\000\363\000s\000\355\000t\000\341\000s}{chapter.3}% 17
\BOOKMARK [2][-]{subsection.3.2.1}{\376\377\0003\000.\0002\000.\0001\000.\000\040\000A\000\040\000h\000a\000r\000c\000k\000o\000c\000s\000i}{section.3.2}% 18
\BOOKMARK [2][-]{subsection.3.2.2}{\376\377\0003\000.\0002\000.\0002\000.\000\040\000P\000\341\000l\000y\000a}{section.3.2}% 19
\BOOKMARK [2][-]{subsection.3.2.3}{\376\377\0003\000.\0002\000.\0003\000.\000\040\000M\000e\000n\000\374}{section.3.2}% 20
\BOOKMARK [2][-]{subsection.3.2.4}{\376\377\0003\000.\0002\000.\0004\000.\000\040\000I\000r\000\341\000n\000y\000\355\000t\000\341\000s\000i\000\040\000r\000e\000n\000d\000s\000z\000e\000r}{section.3.2}% 21
\BOOKMARK [2][-]{subsection.3.2.5}{\376\377\0003\000.\0002\000.\0005\000.\000\040\000L\000\366\000v\000e\000d\000\351\000k\000e\000k}{section.3.2}% 22
\BOOKMARK [2][-]{subsection.3.2.6}{\376\377\0003\000.\0002\000.\0006\000.\000\040\000K\000e\000z\000e\000l\001\121\000f\000e\000l\000\374\000l\000e\000t}{section.3.2}% 23
\BOOKMARK [2][-]{subsection.3.2.7}{\376\377\0003\000.\0002\000.\0007\000.\000\040\000H\000a\000n\000g\000o\000k}{section.3.2}% 24
\BOOKMARK [2][-]{subsection.3.2.8}{\376\377\0003\000.\0002\000.\0008\000.\000\040\000E\000l\000l\000e\000n\000f\000e\000l\000e\000k}{section.3.2}% 25
\BOOKMARK [0][-]{chapter.4}{\376\377\0004\000.\000\040\000T\000e\000s\000z\000t\000e\000l\000\351\000s}{}% 26
\BOOKMARK [0][-]{chapter*.35}{\376\377\000\326\000s\000s\000z\000e\000g\000z\000\351\000s}{}% 27
\BOOKMARK [0][-]{chapter*.36}{\376\377\000I\000r\000o\000d\000a\000l\000o\000m\000j\000e\000g\000y\000z\000\351\000k}{}% 28
